<?xml version="1.0" encoding="UTF-8" ?>
<testsuite tests="4" failures="0" name="com.yanszero.pj01.OilTest" time="1.337" errors="0" skipped="0">
  <properties>
[...]
</properties>
  <testcase classname="com.yanszero.pj01.OilTest" name="testGetSingleBean" time="1.26"/>
  <testcase classname="com.yanszero.pj01.OilTest" name="testGetBeanList" time="0.001"/>
  <testcase classname="com.yanszero.pj01.OilTest" name="testGetConnection" time="0"/>
  <testcase classname="com.yanszero.pj01.OilTest" name="testUpdate" time="0.076"/>
</testsuite>